<?xml version="1.0" encoding="UTF-8"?>
<robot generator="Robot 6.0.2 (Python 3.8.13 on linux)" generated="20230531 02:32:40.611"
  rpa="false" schemaversion="3">
  <suite id="s1" name="[Project] Demonstration Test Application Mobile"
    source="/var/jenkins_home/jobs/Testify_166/workspace/[Project]_Demonstration Test Application Mobile">
    <suite id="s1-s1" name="[TestPlan] Test Application Android"
      source="/var/jenkins_home/jobs/Testify_166/workspace/[Project]_Demonstration Test Application Mobile/[TestPlan]_Test Application Android">
      <suite id="s1-s1-s1" name="[Functionality] Tester Home page"
        source="/var/jenkins_home/jobs/Testify_166/workspace/[Project]_Demonstration Test Application Mobile/[TestPlan]_Test Application Android/001__[Functionality]_Tester Home page">
        <suite id="s1-s1-s1-s1" name="[Scenario] Tester Home page"
          source="/var/jenkins_home/jobs/Testify_166/workspace/[Project]_Demonstration Test Application Mobile/[TestPlan]_Test Application Android/001__[Functionality]_Tester Home page/001__[Scenario]_Tester Home page.robot">
          <test id="s1-s1-s1-s1-t1" name="Tester Home page" line="9">
            <kw name="setup" type="SETUP">
              <kw name="Ouvrir l'application">
                <kw name="Open Application" library="AppiumLibrary">
                  <arg>
                    http://oauth-samir.grabou-2f81f:966284e9-4923-4582-9282-0da6e9aa2b7b@ondemand.saucelabs.com/wd/hub
                  </arg>
                  <arg>alias=MobileTest</arg>
                  <arg>platformName=Android</arg>
                  <arg>app=storage:filename=Android-MyDemoAppRN.1.3.0.build-244.apk</arg>
                  <arg>deviceName=Android GoogleAPI Emulator</arg>
                  <arg>deviceOrientation=portrait</arg>
                  <arg>platformVersion=12.0</arg>
                  <arg>automationName=UiAutomator2</arg>
                  <arg>sauce:options.username=oauth-samir.grabou-2f81f</arg>
                  <arg>sauce:options.accessKey=966284e9-4923-4582-9282-0da6e9aa2b7b</arg>
                  <arg>sauce:options.build=appium-build-ACFJ3</arg>
                  <arg>sauce:options.name=MobileTest</arg>
                  <arg>autoGrantPermissions=true</arg>
                  <doc>Opens a new application to given Appium server.
                    Capabilities of appium server, Android and iOS,
                    Please check
                    https://github.com/appium/appium/blob/master/docs/en/writing-running-appium/server-args.md
                    | *Option* | *Man.* | *Description* |
                    | remote_url | Yes | Appium server url |
                    | alias | no | alias |
                    | strict_ssl | No | allows you to send commands to an invalid certificate host
                    like a self-signed one. |
                  </doc>
                  <kw name="Capture Page Screenshot" library="AppiumLibrary">
                    <doc>Takes a screenshot of the current page and embeds it into the log.</doc>
                    <msg timestamp="20230531 02:32:46.635" level="FAIL">No application is open</msg>
                    <status status="FAIL" starttime="20230531 02:32:46.630"
                      endtime="20230531 02:32:46.645"/>
                  </kw>
                  <msg timestamp="20230531 02:32:46.653" level="WARN">Keyword 'AppiumLibrary.Capture
                    Page Screenshot' could not be run on failure: No application is open
                  </msg>
                  <msg timestamp="20230531 02:32:46.654" level="FAIL">WebDriverException: Message:
                    This user is unauthorized to the region. Please try another region, or contact
                    customer support.
                  </msg>
                  <status status="FAIL" starttime="20230531 02:32:45.970"
                    endtime="20230531 02:32:46.655"/>
                </kw>
                <status status="FAIL" starttime="20230531 02:32:45.969"
                  endtime="20230531 02:32:46.656"/>
              </kw>
              <status status="FAIL" starttime="20230531 02:32:45.967"
                endtime="20230531 02:32:46.656"/>
            </kw>
            <kw name="teardown" type="TEARDOWN">
              <kw name="Close App">
                <kw name="Close All Applications" library="AppiumLibrary">
                  <doc>Closes all open applications.</doc>
                  <status status="PASS" starttime="20230531 02:32:46.663"
                    endtime="20230531 02:32:46.673"/>
                </kw>
                <status status="PASS" starttime="20230531 02:32:46.659"
                  endtime="20230531 02:32:46.673"/>
              </kw>
              <status status="PASS" starttime="20230531 02:32:46.657"
                endtime="20230531 02:32:46.674"/>
            </kw>
            <status status="FAIL" starttime="20230531 02:32:45.964" endtime="20230531 02:32:46.674">
              Setup failed:
              WebDriverException: Message: This user is unauthorized to the region. Please try
              another region, or contact customer support.
            </status>
          </test>
          <status status="FAIL" starttime="20230531 02:32:45.899" endtime="20230531 02:32:46.679"/>
        </suite>
        <status status="FAIL" starttime="20230531 02:32:45.891" endtime="20230531 02:32:46.688"/>
      </suite>
      <status status="FAIL" starttime="20230531 02:32:45.882" endtime="20230531 02:32:46.694"/>
    </suite>
    <doc>user.country=CA</doc>
    <status status="FAIL" starttime="20230531 02:32:40.617" endtime="20230531 02:32:46.699"/>
  </suite>
  <statistics>
    <total>
      <stat pass="0" fail="1" skip="0">All Tests</stat>
    </total>
    <tag>
    </tag>
    <suite>
      <stat pass="0" fail="1" skip="0" id="s1"
        name="[Project] Demonstration Test Application Mobile">[Project] Demonstration Test
        Application Mobile
      </stat>
      <stat pass="0" fail="1" skip="0" id="s1-s1" name="[TestPlan] Test Application Android">
        [Project] Demonstration Test Application Mobile.[TestPlan] Test Application Android
      </stat>
      <stat pass="0" fail="1" skip="0" id="s1-s1-s1" name="[Functionality] Tester Home page">
        [Project] Demonstration Test Application Mobile.[TestPlan] Test Application
        Android.[Functionality] Tester Home page
      </stat>
      <stat pass="0" fail="1" skip="0" id="s1-s1-s1-s1" name="[Scenario] Tester Home page">[Project]
        Demonstration Test Application Mobile.[TestPlan] Test Application Android.[Functionality]
        Tester Home page.[Scenario] Tester Home page
      </stat>
    </suite>
  </statistics>
  <errors>
    <msg timestamp="20230531 02:32:46.653" level="WARN">Keyword 'AppiumLibrary.Capture Page
      Screenshot' could not be run on failure: No application is open
    </msg>
  </errors>
</robot>
