<?xml version="1.0" encoding="UTF-8"?>
<robot generator="Robot 6.0.2 (Python 3.8.13 on linux)" generated="20230609 23:06:39.842" rpa="false" schemaversion="3">
<suite id="s1" name="[Project] Facebook" source="/var/jenkins_home/jobs/Testify_6/workspace/[Project]_Facebook">
<suite id="s1-s1" name="[TestPlan] login" source="/var/jenkins_home/jobs/Testify_6/workspace/[Project]_Facebook/[TestPlan]_login">
<suite id="s1-s1-s1" name="[Functionality] login" source="/var/jenkins_home/jobs/Testify_6/workspace/[Project]_Facebook/[TestPlan]_login/001__[Functionality]_login">
<suite id="s1-s1-s1-s1" name="[Scenario] login" source="/var/jenkins_home/jobs/Testify_6/workspace/[Project]_Facebook/[TestPlan]_login/001__[Functionality]_login/001__[Scenario]_login.robot">
<test id="s1-s1-s1-s1-t1" name="login" line="9">
<kw name="setup" type="SETUP">
<kw name="Ouvrir chrome">
<kw name="Open Browser" library="SeleniumLibrary">
<arg>url=https://facebook.com</arg>
<arg>browser=Chrome</arg>
<arg>alias=Chrome</arg>
<arg>remote_url=http://selenium-hub:4444/wd/hub</arg>
<doc>Opens a new browser instance to the optional ``url``.</doc>
<msg timestamp="20230609 23:06:42.472" level="INFO">Opening browser 'Chrome' to base url 'https://facebook.com' through remote server at 'http://selenium-hub:4444/wd/hub'.</msg>
<status status="PASS" starttime="20230609 23:06:42.470" endtime="20230609 23:09:31.326"/>
</kw>
<status status="PASS" starttime="20230609 23:06:42.469" endtime="20230609 23:09:31.327"/>
</kw>
<status status="PASS" starttime="20230609 23:06:42.469" endtime="20230609 23:09:31.327"/>
</kw>
<kw name="Login">
<kw name="Input Text" library="SeleniumLibrary">
<arg>id=email</arg>
<arg>s.grabou@gmail.com</arg>
<doc>Types the given ``text`` into the text field identified by ``locator``.</doc>
<msg timestamp="20230609 23:09:31.331" level="INFO">Typing text 's.grabou@gmail.com' into text field 'id=email'.</msg>
<status status="PASS" starttime="20230609 23:09:31.328" endtime="20230609 23:09:31.681"/>
</kw>
<kw name="Input Text" library="SeleniumLibrary">
<arg>id=pass</arg>
<arg>peridys1500$$</arg>
<doc>Types the given ``text`` into the text field identified by ``locator``.</doc>
<msg timestamp="20230609 23:09:31.683" level="INFO">Typing text 'peridys1500$$' into text field 'id=pass'.</msg>
<status status="PASS" starttime="20230609 23:09:31.682" endtime="20230609 23:09:31.950"/>
</kw>
<kw name="Click Element" library="SeleniumLibrary">
<arg>name=login</arg>
<doc>Click the element identified by ``locator``.</doc>
<msg timestamp="20230609 23:09:31.951" level="INFO">Clicking element 'name=login'.</msg>
<kw name="Capture Page Screenshot" library="SeleniumLibrary">
<doc>Takes a screenshot of the current page and embeds it into a log file.</doc>
<msg timestamp="20230609 23:09:33.333" level="INFO" html="true">&lt;/td&gt;&lt;/tr&gt;&lt;tr&gt;&lt;td colspan="3"&gt;&lt;a href="selenium-screenshot-1.png"&gt;&lt;img src="selenium-screenshot-1.png" width="800px"&gt;&lt;/a&gt;</msg>
<status status="PASS" starttime="20230609 23:09:33.102" endtime="20230609 23:09:33.333"/>
</kw>
<msg timestamp="20230609 23:09:33.334" level="FAIL">ElementClickInterceptedException: Message: element click intercepted: Element &lt;button value="1" class="_42ft _4jy0 _6lth _4jy6 _4jy1 selected _51sy" name="login" data-testid="royal_login_button" type="submit" id="u_0_5_mW"&gt;...&lt;/button&gt; is not clickable at point (789, 304). Other element would receive the click: &lt;div&gt;...&lt;/div&gt;
  (Session info: chrome=113.0.5672.63)
Stacktrace:
#0 0x557e02f43133 &lt;unknown&gt;
#1 0x557e02c77966 &lt;unknown&gt;
#2 0x557e02cba3f2 &lt;unknown&gt;
#3 0x557e02cb85ac &lt;unknown&gt;
#4 0x557e02cb63be &lt;unknown&gt;
#5 0x557e02cb5696 &lt;unknown&gt;
#6 0x557e02caa3ea &lt;unknown&gt;
#7 0x557e02cd3bd2 &lt;unknown&gt;
#8 0x557e02ca9d13 &lt;unknown&gt;
#9 0x557e02cd3d9e &lt;unknown&gt;
#10 0x557e02cec1c7 &lt;unknown&gt;
#11 0x557e02cd39a3 &lt;unknown&gt;
#12 0x557e02ca846a &lt;unknown&gt;
#13 0x557e02ca955e &lt;unknown&gt;
#14 0x557e02f02cae &lt;unknown&gt;
#15 0x557e02f068fe &lt;unknown&gt;
#16 0x557e02f0ff20 &lt;unknown&gt;
#17 0x557e02f07923 &lt;unknown&gt;
#18 0x557e02edac0e &lt;unknown&gt;
#19 0x557e02f2ab08 &lt;unknown&gt;
#20 0x557e02f2ac97 &lt;unknown&gt;
#21 0x557e02f3b113 &lt;unknown&gt;
#22 0x7f57c9a67609 start_thread
</msg>
<status status="FAIL" starttime="20230609 23:09:31.951" endtime="20230609 23:09:33.339"/>
</kw>
<kw name="Sleep" library="BuiltIn">
<arg>5</arg>
<doc>Pauses the test executed for the given time.</doc>
<status status="NOT RUN" starttime="20230609 23:09:33.339" endtime="20230609 23:09:33.340"/>
</kw>
<kw name="Capture Page Screenshot" library="SeleniumLibrary">
<doc>Takes a screenshot of the current page and embeds it into a log file.</doc>
<status status="NOT RUN" starttime="20230609 23:09:33.340" endtime="20230609 23:09:33.340"/>
</kw>
<status status="FAIL" starttime="20230609 23:09:31.327" endtime="20230609 23:09:33.340"/>
</kw>
<kw name="logout">
<status status="NOT RUN" starttime="20230609 23:09:33.341" endtime="20230609 23:09:33.341"/>
</kw>
<status status="FAIL" starttime="20230609 23:06:42.467" endtime="20230609 23:09:33.341">ElementClickInterceptedException: Message: element click intercepted: Element &lt;button value="1" class="_42ft _4jy0 _6lth _4jy6 _4jy1 selected _51sy" name="login" data-testid="royal_login_button" type="submit" id="u_0_5_mW"&gt;...&lt;/button&gt; is not clickable at point (789, 304). Other element would receive the click: &lt;div&gt;...&lt;/div&gt;
  (Session info: chrome=113.0.5672.63)
Stacktrace:
#0 0x557e02f43133 &lt;unknown&gt;
#1 0x557e02c77966 &lt;unknown&gt;
#2 0x557e02cba3f2 &lt;unknown&gt;
#3 0x557e02cb85ac &lt;unknown&gt;
#4 0x557e02cb63be &lt;unknown&gt;
#5 0x557e02cb5696 &lt;unknown&gt;
#6 0x557e02caa3ea &lt;unknown&gt;
#7 0x557e02cd3bd2 &lt;unknown&gt;
#8 0x557e02ca9d13 &lt;unknown&gt;
#9 0x557e02cd3d9e &lt;unknown&gt;
#10 0x557e02cec1c7 &lt;unknown&gt;
#11 0x557e02cd39a3 &lt;unknown&gt;
#12 0x557e02ca846a &lt;unknown&gt;
#13 0x557e02ca955e &lt;unknown&gt;
#14 0x557e02f02cae &lt;unknown&gt;
#15 0x557e02f068fe &lt;unknown&gt;
#16 0x557e02f0ff20 &lt;unknown&gt;
#17 0x557e02f07923 &lt;unknown&gt;
#18 0x557e02edac0e &lt;unknown&gt;
#19 0x557e02f2ab08 &lt;unknown&gt;
#20 0x557e02f2ac97 &lt;unknown&gt;
#21 0x557e02f3b113 &lt;unknown&gt;
#22 0x7f57c9a67609 start_thread
</status>
</test>
<status status="FAIL" starttime="20230609 23:06:42.438" endtime="20230609 23:09:33.342"/>
</suite>
<status status="FAIL" starttime="20230609 23:06:42.434" endtime="20230609 23:09:33.344"/>
</suite>
<status status="FAIL" starttime="20230609 23:06:42.429" endtime="20230609 23:09:33.346"/>
</suite>
<doc>user.country=CA</doc>
<status status="FAIL" starttime="20230609 23:06:39.844" endtime="20230609 23:09:33.347"/>
</suite>
<statistics>
<total>
<stat pass="0" fail="1" skip="0">All Tests</stat>
</total>
<tag>
</tag>
<suite>
<stat pass="0" fail="1" skip="0" id="s1" name="[Project] Facebook">[Project] Facebook</stat>
<stat pass="0" fail="1" skip="0" id="s1-s1" name="[TestPlan] login">[Project] Facebook.[TestPlan] login</stat>
<stat pass="0" fail="1" skip="0" id="s1-s1-s1" name="[Functionality] login">[Project] Facebook.[TestPlan] login.[Functionality] login</stat>
<stat pass="0" fail="1" skip="0" id="s1-s1-s1-s1" name="[Scenario] login">[Project] Facebook.[TestPlan] login.[Functionality] login.[Scenario] login</stat>
</suite>
</statistics>
<errors>
</errors>
</robot>
